\BOOKMARK [1][-]{section.1}{Introduction}{}% 1
\BOOKMARK [1][-]{section.2}{Proc\351dure de conception syst\351matique}{}% 2
\BOOKMARK [1][-]{section.3}{Design du t\351lescope A}{}% 3
\BOOKMARK [2][-]{subsection.3.1}{Azimut}{section.3}% 4
\BOOKMARK [3][-]{subsubsection.3.1.1}{Design initial}{subsection.3.1}% 5
\BOOKMARK [3][-]{subsubsection.3.1.2}{Design final}{subsection.3.1}% 6
\BOOKMARK [3][-]{subsubsection.3.1.3}{Conformit\351}{subsection.3.1}% 7
\BOOKMARK [3][-]{subsubsection.3.1.4}{Validation de la trajectoire de r\351f\351rence}{subsection.3.1}% 8
\BOOKMARK [2][-]{subsection.3.2}{\311l\351vation}{section.3}% 9
\BOOKMARK [3][-]{subsubsection.3.2.1}{Design initial}{subsection.3.2}% 10
\BOOKMARK [3][-]{subsubsection.3.2.2}{Desing final}{subsection.3.2}% 11
\BOOKMARK [3][-]{subsubsection.3.2.3}{Conformit\351}{subsection.3.2}% 12
\BOOKMARK [3][-]{subsubsection.3.2.4}{Validation de la trajectoire de r\351f\351rence}{subsection.3.2}% 13
\BOOKMARK [1][-]{section.4}{Design du t\351lescope B}{}% 14
\BOOKMARK [2][-]{subsection.4.1}{Azimut}{section.4}% 15
\BOOKMARK [3][-]{subsubsection.4.1.1}{Design initial}{subsection.4.1}% 16
\BOOKMARK [3][-]{subsubsection.4.1.2}{Conformit\351}{subsection.4.1}% 17
\BOOKMARK [3][-]{subsubsection.4.1.3}{Validation de la trajectoire de r\351f\351rence}{subsection.4.1}% 18
\BOOKMARK [2][-]{subsection.4.2}{\311l\351vation}{section.4}% 19
\BOOKMARK [3][-]{subsubsection.4.2.1}{Design initial}{subsection.4.2}% 20
\BOOKMARK [3][-]{subsubsection.4.2.2}{Conformit\351}{subsection.4.2}% 21
\BOOKMARK [3][-]{subsubsection.4.2.3}{Validation de la trajectoire de r\351f\351rence}{subsection.4.2}% 22
\BOOKMARK [1][-]{section.5}{Conclusion}{}% 23
