This is pdfTeX, Version 3.14159265-2.6-1.40.20 (MiKTeX 2.9.7200 64-bit) (preloaded format=pdflatex 2019.11.13)  14 NOV 2019 20:45
entering extended mode
**./app5.tex
(app5.tex
LaTeX2e <2019-10-01>
(udes_rapport.cls
Document Class: udes_rapport 
("C:\Users\Gab\AppData\Local\Programs\MiKTeX 2.9\tex/latex/base\article.cls"
Document Class: article 2019/08/27 v1.4j Standard LaTeX document class
("C:\Users\Gab\AppData\Local\Programs\MiKTeX 2.9\tex/latex/base\size10.clo"
File: size10.clo 2019/08/27 v1.4j Standard LaTeX file (size option)
)
\c@part=\count80
\c@section=\count81
\c@subsection=\count82
\c@subsubsection=\count83
\c@paragraph=\count84
\c@subparagraph=\count85
\c@figure=\count86
\c@table=\count87
\abovecaptionskip=\skip41
\belowcaptionskip=\skip42
\bibindent=\dimen102
)
("C:\Users\Gab\AppData\Local\Programs\MiKTeX 2.9\tex/latex/natbib\natbib.sty"
Package: natbib 2010/09/13 8.31b (PWD, AO)
\bibhang=\skip43
\bibsep=\skip44
LaTeX Info: Redefining \cite on input line 694.
\c@NAT@ctr=\count88
)
("C:\Users\Gab\AppData\Local\Programs\MiKTeX 2.9\tex/generic/babel\babel.sty"
Package: babel 2019/09/27 3.34 The Babel package

("C:\Users\Gab\AppData\Local\Programs\MiKTeX 2.9\tex/generic/babel\switch.def"
File: switch.def 2019/09/27 3.34 Babel switching mechanism
)
*************************************
* Local config file bblopts.cfg used
*
("C:\Users\Gab\AppData\Local\Programs\MiKTeX 2.9\tex/latex/arabi\bblopts.cfg"
File: bblopts.cfg 2005/09/08 v0.1 add Arabic and Farsi to "declared" options of
 babel
)
("C:\Users\Gab\AppData\Local\Programs\MiKTeX 2.9\tex/generic/babel-french\frenc
h.ldf"
Language: french 2019/09/07 v3.5f French support from the babel system

("C:\Users\Gab\AppData\Local\Programs\MiKTeX 2.9\tex/generic/babel\babel.def"
File: babel.def 2019/09/27 3.34 Babel common definitions
\babel@savecnt=\count89
\U@D=\dimen103

("C:\Users\Gab\AppData\Local\Programs\MiKTeX 2.9\tex/generic/babel\txtbabel.def
")
\bbl@dirlevel=\count90
)
\l@acadian = a dialect from \language\l@french 
\l@canadien = a dialect from \language\l@french 
\FB@nonchar=\count91
Package babel Info: Making : an active character on input line 419.
Package babel Info: Making ; an active character on input line 420.
Package babel Info: Making ! an active character on input line 421.
Package babel Info: Making ? an active character on input line 422.
\FBguill@level=\count92
\FBold@everypar=\toks14
\FB@Mht=\dimen104
\mc@charclass=\count93
\mc@charfam=\count94
\mc@charslot=\count95
\std@mcc=\count96
\dec@mcc=\count97
\c@FBcaption@count=\count98
\listindentFB=\dimen105
\descindentFB=\dimen106
\labelindentFB=\dimen107
\labelwidthFB=\dimen108
\leftmarginFB=\dimen109
\parindentFFN=\dimen110
\FBfnindent=\dimen111
)
("C:\Users\Gab\AppData\Local\Programs\MiKTeX 2.9\tex/latex/babel-english\englis
h.ldf"
Language: english 2017/06/06 v3.3r English support from the babel system
\l@canadian = a dialect from \language\l@american 
\l@australian = a dialect from \language\l@british 
\l@newzealand = a dialect from \language\l@british 
))
("C:\Users\Gab\AppData\Local\Programs\MiKTeX 2.9\tex/latex/carlisle\scalefnt.st
y")
("C:\Users\Gab\AppData\Local\Programs\MiKTeX 2.9\tex/latex/graphics\keyval.sty"
Package: keyval 2014/10/28 v1.15 key=value parser (DPC)
\KV@toks@=\toks15
) ("C:\Users\Gab\AppData\Local\Programs\MiKTeX 2.9\tex/latex/base\fontenc.sty"
Package: fontenc 2018/08/11 v2.0j Standard LaTeX package

("C:\Users\Gab\AppData\Local\Programs\MiKTeX 2.9\tex/latex/base\t1enc.def"
File: t1enc.def 2018/08/11 v2.0j Standard LaTeX file
LaTeX Font Info:    Redeclaring font encoding T1 on input line 48.
))
("C:\Users\Gab\AppData\Local\Programs\MiKTeX 2.9\tex/latex/base\inputenc.sty"
Package: inputenc 2018/08/11 v1.3c Input encoding file
\inpenc@prehook=\toks16
\inpenc@posthook=\toks17
)
("C:\Users\Gab\AppData\Local\Programs\MiKTeX 2.9\tex/latex/geometry\geometry.st
y"
Package: geometry 2018/04/16 v5.8 Page Geometry

("C:\Users\Gab\AppData\Local\Programs\MiKTeX 2.9\tex/generic/oberdiek\ifpdf.sty
"
Package: ifpdf 2018/09/07 v3.3 Provides the ifpdf switch
)
("C:\Users\Gab\AppData\Local\Programs\MiKTeX 2.9\tex/generic/oberdiek\ifvtex.st
y"
Package: ifvtex 2016/05/16 v1.6 Detect VTeX and its facilities (HO)
Package ifvtex Info: VTeX not detected.
)
("C:\Users\Gab\AppData\Local\Programs\MiKTeX 2.9\tex/generic/ifxetex\ifxetex.st
y"
Package: ifxetex 2010/09/12 v0.6 Provides ifxetex conditional
)
\Gm@cnth=\count99
\Gm@cntv=\count100
\c@Gm@tempcnt=\count101
\Gm@bindingoffset=\dimen112
\Gm@wd@mp=\dimen113
\Gm@odd@mp=\dimen114
\Gm@even@mp=\dimen115
\Gm@layoutwidth=\dimen116
\Gm@layoutheight=\dimen117
\Gm@layouthoffset=\dimen118
\Gm@layoutvoffset=\dimen119
\Gm@dimlist=\toks18

("C:\Users\Gab\AppData\Local\Programs\MiKTeX 2.9\tex/latex/geometry\geometry.cf
g"))
("C:\Users\Gab\AppData\Local\Programs\MiKTeX 2.9\tex/latex/fancyhdr\fancyhdr.st
y"
Package: fancyhdr 2019/01/31 v3.10 Extensive control of page headers and footer
s
\f@nch@headwidth=\skip45
\f@nch@O@elh=\skip46
\f@nch@O@erh=\skip47
\f@nch@O@olh=\skip48
\f@nch@O@orh=\skip49
\f@nch@O@elf=\skip50
\f@nch@O@erf=\skip51
\f@nch@O@olf=\skip52
\f@nch@O@orf=\skip53
)
("C:\Users\Gab\AppData\Local\Programs\MiKTeX 2.9\tex/latex/lastpage\lastpage.st
y"
Package: lastpage 2015/03/29 v1.2m Refers to last page's name (HMM; JPG)
)
("C:\Users\Gab\AppData\Local\Programs\MiKTeX 2.9\tex/latex/hyperref\hyperref.st
y"
Package: hyperref 2019/09/28 v7.00a Hypertext links for LaTeX

("C:\Users\Gab\AppData\Local\Programs\MiKTeX 2.9\tex/generic/oberdiek\hobsub-hy
perref.sty"
Package: hobsub-hyperref 2016/05/16 v1.14 Bundle oberdiek, subset hyperref (HO)


("C:\Users\Gab\AppData\Local\Programs\MiKTeX 2.9\tex/generic/oberdiek\hobsub-ge
neric.sty"
Package: hobsub-generic 2016/05/16 v1.14 Bundle oberdiek, subset generic (HO)
Package: hobsub 2016/05/16 v1.14 Construct package bundles (HO)
Package: infwarerr 2016/05/16 v1.4 Providing info/warning/error messages (HO)
Package: ltxcmds 2016/05/16 v1.23 LaTeX kernel commands for general use (HO)
Package: ifluatex 2016/05/16 v1.4 Provides the ifluatex switch (HO)
Package ifluatex Info: LuaTeX not detected.
Package hobsub Info: Skipping package `ifvtex' (already loaded).
Package: intcalc 2016/05/16 v1.2 Expandable calculations with integers (HO)
Package hobsub Info: Skipping package `ifpdf' (already loaded).
Package: etexcmds 2016/05/16 v1.6 Avoid name clashes with e-TeX commands (HO)
Package: kvsetkeys 2016/05/16 v1.17 Key value parser (HO)
Package: kvdefinekeys 2016/05/16 v1.4 Define keys (HO)
Package: pdftexcmds 2019/07/25 v0.30 Utility functions of pdfTeX for LuaTeX (HO
)
Package pdftexcmds Info: LuaTeX not detected.
Package pdftexcmds Info: \pdf@primitive is available.
Package pdftexcmds Info: \pdf@ifprimitive is available.
Package pdftexcmds Info: \pdfdraftmode found.
Package: pdfescape 2016/05/16 v1.14 Implements pdfTeX's escape features (HO)
Package: bigintcalc 2016/05/16 v1.4 Expandable calculations on big integers (HO
)
Package: bitset 2016/05/16 v1.2 Handle bit-vector datatype (HO)
Package: uniquecounter 2016/05/16 v1.3 Provide unlimited unique counter (HO)
)
Package hobsub Info: Skipping package `hobsub' (already loaded).
Package: letltxmacro 2016/05/16 v1.5 Let assignment for LaTeX macros (HO)
Package: hopatch 2016/05/16 v1.3 Wrapper for package hooks (HO)
Package: xcolor-patch 2016/05/16 xcolor patch
Package: atveryend 2016/05/16 v1.9 Hooks at the very end of document (HO)
Package atveryend Info: \enddocument detected (standard20110627).
Package: atbegshi 2016/06/09 v1.18 At begin shipout hook (HO)
Package: refcount 2016/05/16 v3.5 Data extraction from label references (HO)
Package: hycolor 2016/05/16 v1.8 Color options for hyperref/bookmark (HO)
)
("C:\Users\Gab\AppData\Local\Programs\MiKTeX 2.9\tex/latex/oberdiek\auxhook.sty
"
Package: auxhook 2016/05/16 v1.4 Hooks for auxiliary files (HO)
)
("C:\Users\Gab\AppData\Local\Programs\MiKTeX 2.9\tex/latex/oberdiek\kvoptions.s
ty"
Package: kvoptions 2016/05/16 v3.12 Key value format for package options (HO)
)
\@linkdim=\dimen120
\Hy@linkcounter=\count102
\Hy@pagecounter=\count103

("C:\Users\Gab\AppData\Local\Programs\MiKTeX 2.9\tex/latex/hyperref\pd1enc.def"
File: pd1enc.def 2019/09/28 v7.00a Hyperref: PDFDocEncoding definition (HO)
Now handling font encoding PD1 ...
... no UTF-8 mapping file for font encoding PD1
)
\Hy@SavedSpaceFactor=\count104

("C:\Users\Gab\AppData\Local\Programs\MiKTeX 2.9\tex/latex/00miktex\hyperref.cf
g"
File: hyperref.cfg 2002/06/06 v1.2 hyperref configuration of TeXLive
)
Package hyperref Info: Hyper figures OFF on input line 4540.
Package hyperref Info: Link nesting OFF on input line 4545.
Package hyperref Info: Hyper index ON on input line 4548.
Package hyperref Info: Plain pages OFF on input line 4555.
Package hyperref Info: Backreferencing OFF on input line 4560.
Package hyperref Info: Implicit mode ON; LaTeX internals redefined.
Package hyperref Info: Bookmarks ON on input line 4793.
\c@Hy@tempcnt=\count105
 ("C:\Users\Gab\AppData\Local\Programs\MiKTeX 2.9\tex/latex/url\url.sty"
\Urlmuskip=\muskip10
Package: url 2013/09/16  ver 3.4  Verb mode for urls, etc.
)
LaTeX Info: Redefining \url on input line 5152.
\XeTeXLinkMargin=\dimen121
\Fld@menulength=\count106
\Field@Width=\dimen122
\Fld@charsize=\dimen123
Package hyperref Info: Hyper figures OFF on input line 6423.
Package hyperref Info: Link nesting OFF on input line 6428.
Package hyperref Info: Hyper index ON on input line 6431.
Package hyperref Info: backreferencing OFF on input line 6438.
Package hyperref Info: Link coloring OFF on input line 6443.
Package hyperref Info: Link coloring with OCG OFF on input line 6448.
Package hyperref Info: PDF/A mode OFF on input line 6453.
LaTeX Info: Redefining \ref on input line 6493.
LaTeX Info: Redefining \pageref on input line 6497.
\Hy@abspage=\count107
\c@Item=\count108
\c@Hfootnote=\count109
)
Package hyperref Info: Driver (autodetected): hpdftex.

("C:\Users\Gab\AppData\Local\Programs\MiKTeX 2.9\tex/latex/hyperref\hpdftex.def
"
File: hpdftex.def 2019/09/28 v7.00a Hyperref driver for pdfTeX
\Fld@listcount=\count110
\c@bookmark@seq@number=\count111

("C:\Users\Gab\AppData\Local\Programs\MiKTeX 2.9\tex/latex/oberdiek\rerunfilech
eck.sty"
Package: rerunfilecheck 2016/05/16 v1.8 Rerun checks for auxiliary files (HO)
Package uniquecounter Info: New unique counter `rerunfilecheck' on input line 2
82.
)
\Hy@SectionHShift=\skip54
)
("C:\Users\Gab\AppData\Local\Programs\MiKTeX 2.9\tex/latex/graphics\graphicx.st
y"
Package: graphicx 2017/06/01 v1.1a Enhanced LaTeX Graphics (DPC,SPQR)

("C:\Users\Gab\AppData\Local\Programs\MiKTeX 2.9\tex/latex/graphics\graphics.st
y"
Package: graphics 2019/07/20 v1.3b Standard LaTeX Graphics (DPC,SPQR)
 ("C:\Users\Gab\AppData\Local\Programs\MiKTeX 2.9\tex/latex/graphics\trig.sty"
Package: trig 2016/01/03 v1.10 sin cos tan (DPC)
)
("C:\Users\Gab\AppData\Local\Programs\MiKTeX 2.9\tex/latex/graphics-cfg\graphic
s.cfg"
File: graphics.cfg 2016/06/04 v1.11 sample graphics configuration
)
Package graphics Info: Driver file: pdftex.def on input line 105.

("C:\Users\Gab\AppData\Local\Programs\MiKTeX 2.9\tex/latex/graphics-def\pdftex.
def"
File: pdftex.def 2018/01/08 v1.0l Graphics/color driver for pdftex
))
\Gin@req@height=\dimen124
\Gin@req@width=\dimen125
)
("C:\Users\Gab\AppData\Local\Programs\MiKTeX 2.9\tex/latex/l3packages/xfrac\xfr
ac.sty"
("C:\Users\Gab\AppData\Local\Programs\MiKTeX 2.9\tex/latex/l3kernel\expl3.sty"
Package: expl3 2019-11-07 L3 programming layer (loader) 

("C:\Users\Gab\AppData\Local\Programs\MiKTeX 2.9\tex/latex/l3kernel\expl3-code.
tex"
Package: expl3 2019-11-07 L3 programming layer (code)
\c_max_int=\count112
\l_tmpa_int=\count113
\l_tmpb_int=\count114
\g_tmpa_int=\count115
\g_tmpb_int=\count116
\l__seq_internal_a_int=\count117
\l__seq_internal_b_int=\count118
\g__kernel_prg_map_int=\count119
\c__ior_term_noprompt_ior=\count120
\c_log_iow=\count121
\l_iow_line_count_int=\count122
\l__iow_line_target_int=\count123
\l__iow_one_indent_int=\count124
\l__iow_indent_int=\count125
\c_zero_dim=\dimen126
\c_max_dim=\dimen127
\l_tmpa_dim=\dimen128
\l_tmpb_dim=\dimen129
\g_tmpa_dim=\dimen130
\g_tmpb_dim=\dimen131
\c_zero_skip=\skip55
\c_max_skip=\skip56
\l_tmpa_skip=\skip57
\l_tmpb_skip=\skip58
\g_tmpa_skip=\skip59
\g_tmpb_skip=\skip60
\c_zero_muskip=\muskip11
\c_max_muskip=\muskip12
\l_tmpa_muskip=\muskip13
\l_tmpb_muskip=\muskip14
\g_tmpa_muskip=\muskip15
\g_tmpb_muskip=\muskip16
\l_keys_choice_int=\count126
\l__intarray_loop_int=\count127
\c__intarray_sp_dim=\dimen132
\g__intarray_font_int=\count128
\c__fp_leading_shift_int=\count129
\c__fp_middle_shift_int=\count130
\c__fp_trailing_shift_int=\count131
\c__fp_big_leading_shift_int=\count132
\c__fp_big_middle_shift_int=\count133
\c__fp_big_trailing_shift_int=\count134
\c__fp_Bigg_leading_shift_int=\count135
\c__fp_Bigg_middle_shift_int=\count136
\c__fp_Bigg_trailing_shift_int=\count137
\c__kernel_randint_max_int=\count138
\g__fp_array_int=\count139
\l__fp_array_loop_int=\count140
\l__sort_length_int=\count141
\l__sort_min_int=\count142
\l__sort_top_int=\count143
\l__sort_max_int=\count144
\l__sort_true_max_int=\count145
\l__sort_block_int=\count146
\l__sort_begin_int=\count147
\l__sort_end_int=\count148
\l__sort_A_int=\count149
\l__sort_B_int=\count150
\l__sort_C_int=\count151
\l__str_internal_int=\count152
\c__str_replacement_char_int=\count153
\l__tl_analysis_normal_int=\count154
\l__tl_analysis_index_int=\count155
\l__tl_analysis_nesting_int=\count156
\l__tl_analysis_type_int=\count157
\l__regex_internal_a_int=\count158
\l__regex_internal_b_int=\count159
\l__regex_internal_c_int=\count160
\l__regex_balance_int=\count161
\l__regex_group_level_int=\count162
\l__regex_mode_int=\count163
\c__regex_cs_in_class_mode_int=\count164
\c__regex_cs_mode_int=\count165
\l__regex_catcodes_int=\count166
\l__regex_default_catcodes_int=\count167
\c__regex_catcode_D_int=\count168
\c__regex_catcode_S_int=\count169
\c__regex_catcode_L_int=\count170
\c__regex_catcode_O_int=\count171
\c__regex_catcode_A_int=\count172
\c__regex_all_catcodes_int=\count173
\l__regex_show_lines_int=\count174
\l__regex_min_state_int=\count175
\l__regex_max_state_int=\count176
\l__regex_left_state_int=\count177
\l__regex_right_state_int=\count178
\l__regex_capturing_group_int=\count179
\l__regex_min_pos_int=\count180
\l__regex_max_pos_int=\count181
\l__regex_curr_pos_int=\count182
\l__regex_start_pos_int=\count183
\l__regex_success_pos_int=\count184
\l__regex_curr_char_int=\count185
\l__regex_curr_catcode_int=\count186
\l__regex_last_char_int=\count187
\l__regex_case_changed_char_int=\count188
\l__regex_curr_state_int=\count189
\l__regex_step_int=\count190
\l__regex_min_active_int=\count191
\l__regex_max_active_int=\count192
\l__regex_replacement_csnames_int=\count193
\l__regex_match_count_int=\count194
\l__regex_min_submatch_int=\count195
\l__regex_submatch_int=\count196
\l__regex_zeroth_submatch_int=\count197
\g__regex_trace_regex_int=\count198
\c_empty_box=\box27
\l_tmpa_box=\box28
\l_tmpb_box=\box29
\g_tmpa_box=\box30
\g_tmpb_box=\box31
\l__box_top_dim=\dimen133
\l__box_bottom_dim=\dimen134
\l__box_left_dim=\dimen135
\l__box_right_dim=\dimen136
\l__box_top_new_dim=\dimen137
\l__box_bottom_new_dim=\dimen138
\l__box_left_new_dim=\dimen139
\l__box_right_new_dim=\dimen140
\l__box_internal_box=\box32
\l__coffin_internal_box=\box33
\l__coffin_internal_dim=\dimen141
\l__coffin_offset_x_dim=\dimen142
\l__coffin_offset_y_dim=\dimen143
\l__coffin_x_dim=\dimen144
\l__coffin_y_dim=\dimen145
\l__coffin_x_prime_dim=\dimen146
\l__coffin_y_prime_dim=\dimen147
\c_empty_coffin=\box34
\l__coffin_aligned_coffin=\box35
\l__coffin_aligned_internal_coffin=\box36
\l_tmpa_coffin=\box37
\l_tmpb_coffin=\box38
\g_tmpa_coffin=\box39
\g_tmpb_coffin=\box40
\l__coffin_bounding_shift_dim=\dimen148
\l__coffin_left_corner_dim=\dimen149
\l__coffin_right_corner_dim=\dimen150
\l__coffin_bottom_corner_dim=\dimen151
\l__coffin_top_corner_dim=\dimen152
\l__coffin_scaled_total_height_dim=\dimen153
\l__coffin_scaled_width_dim=\dimen154
\c__coffin_empty_coffin=\box41
\l__coffin_display_coffin=\box42
\l__coffin_display_coord_coffin=\box43
\l__coffin_display_pole_coffin=\box44
\l__coffin_display_offset_dim=\dimen155
\l__coffin_display_x_dim=\dimen156
\l__coffin_display_y_dim=\dimen157
\g__char_data_ior=\read1

("C:\Users\Gab\AppData\Local\Programs\MiKTeX 2.9\tex/latex/l3kernel\l3deprecati
on.def"
File: l3deprecation.def 2019-04-06 v L3 Deprecated functions
))
("C:\Users\Gab\AppData\Local\Programs\MiKTeX 2.9\tex/latex/l3backend\l3backend-
pdfmode.def"
File: l3backend-pdfmode.def 2019-04-06 L3 backend support: PDF mode
\l__kernel_color_stack_int=\count199
\l__pdf_internal_box=\box45
))
("C:\Users\Gab\AppData\Local\Programs\MiKTeX 2.9\tex/latex/amsmath\amstext.sty"
Package: amstext 2000/06/29 v2.01 AMS text
("C:\Users\Gab\AppData\Local\Programs\MiKTeX 2.9\tex/latex/amsmath\amsgen.sty"
File: amsgen.sty 1999/11/30 v2.0 generic functions
\@emptytoks=\toks19
\ex@=\dimen158
))
("C:\Users\Gab\AppData\Local\Programs\MiKTeX 2.9\tex/latex/l3packages/l3keys2e\
l3keys2e.sty"
Package: l3keys2e 2019-10-11 LaTeX2e option processing using LaTeX3 keys
)
("C:\Users\Gab\AppData\Local\Programs\MiKTeX 2.9\tex/latex/base\textcomp.sty"
Package: textcomp 2018/08/11 v2.0j Standard LaTeX package
Package textcomp Info: Sub-encoding information:
(textcomp)               5 = only ISO-Adobe without \textcurrency
(textcomp)               4 = 5 + \texteuro
(textcomp)               3 = 4 + \textohm
(textcomp)               2 = 3 + \textestimated + \textcurrency
(textcomp)               1 = TS1 - \textcircled - \t
(textcomp)               0 = TS1 (full)
(textcomp)             Font families with sub-encoding setting implement
(textcomp)             only a restricted character set as indicated.
(textcomp)             Family '?' is the default used for unknown fonts.
(textcomp)             See the documentation for details.
Package textcomp Info: Setting ? sub-encoding to TS1/1 on input line 79.

("C:\Users\Gab\AppData\Local\Programs\MiKTeX 2.9\tex/latex/base\ts1enc.def"
File: ts1enc.def 2001/06/05 v3.0e (jk/car/fm) Standard LaTeX file
Now handling font encoding TS1 ...
... processing UTF-8 mapping file for font encoding TS1

("C:\Users\Gab\AppData\Local\Programs\MiKTeX 2.9\tex/latex/base\ts1enc.dfu"
File: ts1enc.dfu 2019/07/11 v1.2j UTF-8 support for inputenc
   defining Unicode char U+00A2 (decimal 162)
   defining Unicode char U+00A3 (decimal 163)
   defining Unicode char U+00A4 (decimal 164)
   defining Unicode char U+00A5 (decimal 165)
   defining Unicode char U+00A6 (decimal 166)
   defining Unicode char U+00A7 (decimal 167)
   defining Unicode char U+00A8 (decimal 168)
   defining Unicode char U+00A9 (decimal 169)
   defining Unicode char U+00AA (decimal 170)
   defining Unicode char U+00AC (decimal 172)
   defining Unicode char U+00AE (decimal 174)
   defining Unicode char U+00AF (decimal 175)
   defining Unicode char U+00B0 (decimal 176)
   defining Unicode char U+00B1 (decimal 177)
   defining Unicode char U+00B2 (decimal 178)
   defining Unicode char U+00B3 (decimal 179)
   defining Unicode char U+00B4 (decimal 180)
   defining Unicode char U+00B5 (decimal 181)
   defining Unicode char U+00B6 (decimal 182)
   defining Unicode char U+00B7 (decimal 183)
   defining Unicode char U+00B9 (decimal 185)
   defining Unicode char U+00BA (decimal 186)
   defining Unicode char U+00BC (decimal 188)
   defining Unicode char U+00BD (decimal 189)
   defining Unicode char U+00BE (decimal 190)
   defining Unicode char U+00D7 (decimal 215)
   defining Unicode char U+00F7 (decimal 247)
   defining Unicode char U+0192 (decimal 402)
   defining Unicode char U+02C7 (decimal 711)
   defining Unicode char U+02D8 (decimal 728)
   defining Unicode char U+02DD (decimal 733)
   defining Unicode char U+0E3F (decimal 3647)
   defining Unicode char U+2016 (decimal 8214)
   defining Unicode char U+2020 (decimal 8224)
   defining Unicode char U+2021 (decimal 8225)
   defining Unicode char U+2022 (decimal 8226)
   defining Unicode char U+2030 (decimal 8240)
   defining Unicode char U+2031 (decimal 8241)
   defining Unicode char U+203B (decimal 8251)
   defining Unicode char U+203D (decimal 8253)
   defining Unicode char U+2044 (decimal 8260)
   defining Unicode char U+204E (decimal 8270)
   defining Unicode char U+2052 (decimal 8274)
   defining Unicode char U+20A1 (decimal 8353)
   defining Unicode char U+20A4 (decimal 8356)
   defining Unicode char U+20A6 (decimal 8358)
   defining Unicode char U+20A9 (decimal 8361)
   defining Unicode char U+20AB (decimal 8363)
   defining Unicode char U+20AC (decimal 8364)
   defining Unicode char U+20B1 (decimal 8369)
   defining Unicode char U+2103 (decimal 8451)
   defining Unicode char U+2116 (decimal 8470)
   defining Unicode char U+2117 (decimal 8471)
   defining Unicode char U+211E (decimal 8478)
   defining Unicode char U+2120 (decimal 8480)
   defining Unicode char U+2122 (decimal 8482)
   defining Unicode char U+2126 (decimal 8486)
   defining Unicode char U+2127 (decimal 8487)
   defining Unicode char U+212E (decimal 8494)
   defining Unicode char U+2190 (decimal 8592)
   defining Unicode char U+2191 (decimal 8593)
   defining Unicode char U+2192 (decimal 8594)
   defining Unicode char U+2193 (decimal 8595)
   defining Unicode char U+2329 (decimal 9001)
   defining Unicode char U+232A (decimal 9002)
   defining Unicode char U+2422 (decimal 9250)
   defining Unicode char U+25E6 (decimal 9702)
   defining Unicode char U+25EF (decimal 9711)
   defining Unicode char U+266A (decimal 9834)
   defining Unicode char U+27E8 (decimal 10216)
   defining Unicode char U+27E9 (decimal 10217)
   defining Unicode char U+FEFF (decimal 65279)
))
LaTeX Info: Redefining \oldstylenums on input line 334.
Package textcomp Info: Setting cmr sub-encoding to TS1/0 on input line 349.
Package textcomp Info: Setting cmss sub-encoding to TS1/0 on input line 350.
Package textcomp Info: Setting cmtt sub-encoding to TS1/0 on input line 351.
Package textcomp Info: Setting cmvtt sub-encoding to TS1/0 on input line 352.
Package textcomp Info: Setting cmbr sub-encoding to TS1/0 on input line 353.
Package textcomp Info: Setting cmtl sub-encoding to TS1/0 on input line 354.
Package textcomp Info: Setting ccr sub-encoding to TS1/0 on input line 355.
Package textcomp Info: Setting ptm sub-encoding to TS1/4 on input line 356.
Package textcomp Info: Setting pcr sub-encoding to TS1/4 on input line 357.
Package textcomp Info: Setting phv sub-encoding to TS1/4 on input line 358.
Package textcomp Info: Setting ppl sub-encoding to TS1/3 on input line 359.
Package textcomp Info: Setting pag sub-encoding to TS1/4 on input line 360.
Package textcomp Info: Setting pbk sub-encoding to TS1/4 on input line 361.
Package textcomp Info: Setting pnc sub-encoding to TS1/4 on input line 362.
Package textcomp Info: Setting pzc sub-encoding to TS1/4 on input line 363.
Package textcomp Info: Setting bch sub-encoding to TS1/4 on input line 364.
Package textcomp Info: Setting put sub-encoding to TS1/5 on input line 365.
Package textcomp Info: Setting uag sub-encoding to TS1/5 on input line 366.
Package textcomp Info: Setting ugq sub-encoding to TS1/5 on input line 367.
Package textcomp Info: Setting ul8 sub-encoding to TS1/4 on input line 368.
Package textcomp Info: Setting ul9 sub-encoding to TS1/4 on input line 369.
Package textcomp Info: Setting augie sub-encoding to TS1/5 on input line 370.
Package textcomp Info: Setting dayrom sub-encoding to TS1/3 on input line 371.
Package textcomp Info: Setting dayroms sub-encoding to TS1/3 on input line 372.

Package textcomp Info: Setting pxr sub-encoding to TS1/0 on input line 373.
Package textcomp Info: Setting pxss sub-encoding to TS1/0 on input line 374.
Package textcomp Info: Setting pxtt sub-encoding to TS1/0 on input line 375.
Package textcomp Info: Setting txr sub-encoding to TS1/0 on input line 376.
Package textcomp Info: Setting txss sub-encoding to TS1/0 on input line 377.
Package textcomp Info: Setting txtt sub-encoding to TS1/0 on input line 378.
Package textcomp Info: Setting lmr sub-encoding to TS1/0 on input line 379.
Package textcomp Info: Setting lmdh sub-encoding to TS1/0 on input line 380.
Package textcomp Info: Setting lmss sub-encoding to TS1/0 on input line 381.
Package textcomp Info: Setting lmssq sub-encoding to TS1/0 on input line 382.
Package textcomp Info: Setting lmvtt sub-encoding to TS1/0 on input line 383.
Package textcomp Info: Setting lmtt sub-encoding to TS1/0 on input line 384.
Package textcomp Info: Setting qhv sub-encoding to TS1/0 on input line 385.
Package textcomp Info: Setting qag sub-encoding to TS1/0 on input line 386.
Package textcomp Info: Setting qbk sub-encoding to TS1/0 on input line 387.
Package textcomp Info: Setting qcr sub-encoding to TS1/0 on input line 388.
Package textcomp Info: Setting qcs sub-encoding to TS1/0 on input line 389.
Package textcomp Info: Setting qpl sub-encoding to TS1/0 on input line 390.
Package textcomp Info: Setting qtm sub-encoding to TS1/0 on input line 391.
Package textcomp Info: Setting qzc sub-encoding to TS1/0 on input line 392.
Package textcomp Info: Setting qhvc sub-encoding to TS1/0 on input line 393.
Package textcomp Info: Setting futs sub-encoding to TS1/4 on input line 394.
Package textcomp Info: Setting futx sub-encoding to TS1/4 on input line 395.
Package textcomp Info: Setting futj sub-encoding to TS1/4 on input line 396.
Package textcomp Info: Setting hlh sub-encoding to TS1/3 on input line 397.
Package textcomp Info: Setting hls sub-encoding to TS1/3 on input line 398.
Package textcomp Info: Setting hlst sub-encoding to TS1/3 on input line 399.
Package textcomp Info: Setting hlct sub-encoding to TS1/5 on input line 400.
Package textcomp Info: Setting hlx sub-encoding to TS1/5 on input line 401.
Package textcomp Info: Setting hlce sub-encoding to TS1/5 on input line 402.
Package textcomp Info: Setting hlcn sub-encoding to TS1/5 on input line 403.
Package textcomp Info: Setting hlcw sub-encoding to TS1/5 on input line 404.
Package textcomp Info: Setting hlcf sub-encoding to TS1/5 on input line 405.
Package textcomp Info: Setting pplx sub-encoding to TS1/3 on input line 406.
Package textcomp Info: Setting pplj sub-encoding to TS1/3 on input line 407.
Package textcomp Info: Setting ptmx sub-encoding to TS1/4 on input line 408.
Package textcomp Info: Setting ptmj sub-encoding to TS1/4 on input line 409.
)
("C:\Users\Gab\AppData\Local\Programs\MiKTeX 2.9\tex/latex/l3packages/xparse\xp
arse.sty"
Package: xparse 2019-10-11 L3 Experimental document command parser
\l__xparse_current_arg_int=\count266
\g__xparse_grabber_int=\count267
\l__xparse_m_args_int=\count268
\l__xparse_v_nesting_int=\count269
)
("C:\Users\Gab\AppData\Local\Programs\MiKTeX 2.9\tex/latex/l3packages/xtemplate
\xtemplate.sty"
Package: xtemplate 2019-10-11 L3 Experimental prototype document functions
\l__xtemplate_tmp_dim=\dimen159
\l__xtemplate_tmp_int=\count270
\l__xtemplate_tmp_muskip=\muskip17
\l__xtemplate_tmp_skip=\skip61
)
Package: xfrac 2019-10-11 L3 Experimental split-level fractions
\l__xfrac_slash_box=\box46
\l__xfrac_tmp_box=\box47
\l__xfrac_denominator_bot_sep_dim=\dimen160
\l__xfrac_numerator_bot_sep_dim=\dimen161
\l__xfrac_numerator_top_sep_dim=\dimen162
\l__xfrac_slash_left_sep_dim=\dimen163
\l__xfrac_slash_right_sep_dim=\dimen164
\l__xfrac_slash_left_muskip=\muskip18
\l__xfrac_slash_right_muskip=\muskip19

Package xtemplate Info: Declaring object type 'xfrac' taking 3 argument(s) on
(xtemplate)             line 79.

)
("C:\Users\Gab\AppData\Local\Programs\MiKTeX 2.9\tex/latex/xcolor\xcolor.sty"
Package: xcolor 2016/05/11 v2.12 LaTeX color extensions (UK)

("C:\Users\Gab\AppData\Local\Programs\MiKTeX 2.9\tex/latex/graphics-cfg\color.c
fg"
File: color.cfg 2016/01/02 v1.6 sample color configuration
)
Package xcolor Info: Driver file: pdftex.def on input line 225.
Package xcolor Info: Model `cmy' substituted by `cmy0' on input line 1348.
Package xcolor Info: Model `hsb' substituted by `rgb' on input line 1352.
Package xcolor Info: Model `RGB' extended on input line 1364.
Package xcolor Info: Model `HTML' substituted by `rgb' on input line 1366.
Package xcolor Info: Model `Hsb' substituted by `hsb' on input line 1367.
Package xcolor Info: Model `tHsb' substituted by `hsb' on input line 1368.
Package xcolor Info: Model `HSB' substituted by `hsb' on input line 1369.
Package xcolor Info: Model `Gray' substituted by `gray' on input line 1370.
Package xcolor Info: Model `wave' substituted by `hsb' on input line 1371.
)
("C:\Users\Gab\AppData\Local\Programs\MiKTeX 2.9\tex/latex/lipsum\lipsum.sty"
Package: lipsum 2019/01/02 v2.2 150 paragraphs of Lorem Ipsum dummy text

("C:\Users\Gab\AppData\Local\Programs\MiKTeX 2.9\tex/latex/lipsum\lipsum.ltd.te
x"
File: lipsum.ltd.tex 2019/01/02 v2.2 The Lorem ipsum dummy text
))
("C:\Users\Gab\AppData\Local\Programs\MiKTeX 2.9\tex/latex/xifthen\xifthen.sty"
Package: xifthen 2015/11/05 v1.4.0 Extended ifthen features
("C:\Users\Gab\AppData\Local\Programs\MiKTeX 2.9\tex/latex/tools\calc.sty"
Package: calc 2017/05/25 v4.3 Infix arithmetic (KKT,FJ)
\calc@Acount=\count271
\calc@Bcount=\count272
\calc@Adimen=\dimen165
\calc@Bdimen=\dimen166
\calc@Askip=\skip62
\calc@Bskip=\skip63
LaTeX Info: Redefining \setlength on input line 80.
LaTeX Info: Redefining \addtolength on input line 81.
\calc@Ccount=\count273
\calc@Cskip=\skip64
)
("C:\Users\Gab\AppData\Local\Programs\MiKTeX 2.9\tex/latex/base\ifthen.sty"
Package: ifthen 2014/09/29 v1.1c Standard LaTeX ifthen package (DPC)
)
("C:\Users\Gab\AppData\Local\Programs\MiKTeX 2.9\tex/latex/ifmtarg\ifmtarg.sty"
Package: ifmtarg 2018/04/16 v1.2b check for an empty argument
))
("C:\Users\Gab\AppData\Local\Programs\MiKTeX 2.9\tex/latex/pgf/utilities\pgffor
.sty"
("C:\Users\Gab\AppData\Local\Programs\MiKTeX 2.9\tex/latex/pgf/utilities\pgfrcs
.sty"
("C:\Users\Gab\AppData\Local\Programs\MiKTeX 2.9\tex/generic/pgf/utilities\pgfu
til-common.tex"
\pgfutil@everybye=\toks20
\pgfutil@tempdima=\dimen167
\pgfutil@tempdimb=\dimen168

("C:\Users\Gab\AppData\Local\Programs\MiKTeX 2.9\tex/generic/pgf/utilities\pgfu
til-common-lists.tex"))
("C:\Users\Gab\AppData\Local\Programs\MiKTeX 2.9\tex/generic/pgf/utilities\pgfu
til-latex.def"
\pgfutil@abb=\box48

("C:\Users\Gab\AppData\Local\Programs\MiKTeX 2.9\tex/latex/ms\everyshi.sty"
Package: everyshi 2001/05/15 v3.00 EveryShipout Package (MS)
))
("C:\Users\Gab\AppData\Local\Programs\MiKTeX 2.9\tex/generic/pgf/utilities\pgfr
cs.code.tex"
("C:\Users\Gab\AppData\Local\Programs\MiKTeX 2.9\tex/generic/pgf\pgf.revision.t
ex")
Package: pgfrcs 2019/08/03 v3.1.4b (3.1.4b)
))
("C:\Users\Gab\AppData\Local\Programs\MiKTeX 2.9\tex/latex/pgf/utilities\pgfkey
s.sty"
("C:\Users\Gab\AppData\Local\Programs\MiKTeX 2.9\tex/generic/pgf/utilities\pgfk
eys.code.tex"
\pgfkeys@pathtoks=\toks21
\pgfkeys@temptoks=\toks22

("C:\Users\Gab\AppData\Local\Programs\MiKTeX 2.9\tex/generic/pgf/utilities\pgfk
eysfiltered.code.tex"
\pgfkeys@tmptoks=\toks23
)))
("C:\Users\Gab\AppData\Local\Programs\MiKTeX 2.9\tex/latex/pgf/math\pgfmath.sty
"
("C:\Users\Gab\AppData\Local\Programs\MiKTeX 2.9\tex/generic/pgf/math\pgfmath.c
ode.tex"
("C:\Users\Gab\AppData\Local\Programs\MiKTeX 2.9\tex/generic/pgf/math\pgfmathca
lc.code.tex"
("C:\Users\Gab\AppData\Local\Programs\MiKTeX 2.9\tex/generic/pgf/math\pgfmathut
il.code.tex"
\pgf@x=\dimen169
\pgf@xa=\dimen170
\pgf@xb=\dimen171
\pgf@xc=\dimen172
\pgf@y=\dimen173
\pgf@ya=\dimen174
\pgf@yb=\dimen175
\pgf@yc=\dimen176
\c@pgf@counta=\count274
\c@pgf@countb=\count275
\c@pgf@countc=\count276
\c@pgf@countd=\count277
)
("C:\Users\Gab\AppData\Local\Programs\MiKTeX 2.9\tex/generic/pgf/math\pgfmathpa
rser.code.tex"
\pgfmath@dimen=\dimen177
\pgfmath@count=\count278
\pgfmath@box=\box49
\pgfmath@toks=\toks24
\pgfmath@stack@operand=\toks25
\pgfmath@stack@operation=\toks26
)
("C:\Users\Gab\AppData\Local\Programs\MiKTeX 2.9\tex/generic/pgf/math\pgfmathfu
nctions.code.tex"
("C:\Users\Gab\AppData\Local\Programs\MiKTeX 2.9\tex/generic/pgf/math\pgfmathfu
nctions.basic.code.tex")
("C:\Users\Gab\AppData\Local\Programs\MiKTeX 2.9\tex/generic/pgf/math\pgfmathfu
nctions.trigonometric.code.tex")
("C:\Users\Gab\AppData\Local\Programs\MiKTeX 2.9\tex/generic/pgf/math\pgfmathfu
nctions.random.code.tex")
("C:\Users\Gab\AppData\Local\Programs\MiKTeX 2.9\tex/generic/pgf/math\pgfmathfu
nctions.comparison.code.tex")
("C:\Users\Gab\AppData\Local\Programs\MiKTeX 2.9\tex/generic/pgf/math\pgfmathfu
nctions.base.code.tex")
("C:\Users\Gab\AppData\Local\Programs\MiKTeX 2.9\tex/generic/pgf/math\pgfmathfu
nctions.round.code.tex")
("C:\Users\Gab\AppData\Local\Programs\MiKTeX 2.9\tex/generic/pgf/math\pgfmathfu
nctions.misc.code.tex")
("C:\Users\Gab\AppData\Local\Programs\MiKTeX 2.9\tex/generic/pgf/math\pgfmathfu
nctions.integerarithmetics.code.tex")))
("C:\Users\Gab\AppData\Local\Programs\MiKTeX 2.9\tex/generic/pgf/math\pgfmathfl
oat.code.tex"
\c@pgfmathroundto@lastzeros=\count279
)))
("C:\Users\Gab\AppData\Local\Programs\MiKTeX 2.9\tex/generic/pgf/utilities\pgff
or.code.tex"
Package: pgffor 2019/08/03 v3.1.4b (3.1.4b)

("C:\Users\Gab\AppData\Local\Programs\MiKTeX 2.9\tex/generic/pgf/math\pgfmath.c
ode.tex")
\pgffor@iter=\dimen178
\pgffor@skip=\dimen179
\pgffor@stack=\toks27
\pgffor@toks=\toks28
))
("C:\Users\Gab\AppData\Local\Programs\MiKTeX 2.9\tex/latex/amsmath\amsmath.sty"
Package: amsmath 2019/04/01 v2.17c AMS math features
\@mathmargin=\skip65
For additional information on amsmath, use the `?' option.
("C:\Users\Gab\AppData\Local\Programs\MiKTeX 2.9\tex/latex/amsmath\amsbsy.sty"
Package: amsbsy 1999/11/29 v1.2d Bold Symbols
\pmbraise@=\dimen180
) ("C:\Users\Gab\AppData\Local\Programs\MiKTeX 2.9\tex/latex/amsmath\amsopn.sty
"
Package: amsopn 2016/03/08 v2.02 operator names
)
\inf@bad=\count280
LaTeX Info: Redefining \frac on input line 227.
\uproot@=\count281
\leftroot@=\count282
LaTeX Info: Redefining \overline on input line 389.
\classnum@=\count283
\DOTSCASE@=\count284
LaTeX Info: Redefining \ldots on input line 486.
LaTeX Info: Redefining \dots on input line 489.
LaTeX Info: Redefining \cdots on input line 610.
\Mathstrutbox@=\box50
\strutbox@=\box51
\big@size=\dimen181
LaTeX Font Info:    Redeclaring font encoding OML on input line 733.
LaTeX Font Info:    Redeclaring font encoding OMS on input line 734.
\macc@depth=\count285
\c@MaxMatrixCols=\count286
\dotsspace@=\muskip20
\c@parentequation=\count287
\dspbrk@lvl=\count288
\tag@help=\toks29
\row@=\count289
\column@=\count290
\maxfields@=\count291
\andhelp@=\toks30
\eqnshift@=\dimen182
\alignsep@=\dimen183
\tagshift@=\dimen184
\tagwidth@=\dimen185
\totwidth@=\dimen186
\lineht@=\dimen187
\@envbody=\toks31
\multlinegap=\skip66
\multlinetaggap=\skip67
\mathdisplay@stack=\toks32
LaTeX Info: Redefining \[ on input line 2855.
LaTeX Info: Redefining \] on input line 2856.
)
("C:\Users\Gab\AppData\Local\Programs\MiKTeX 2.9\tex/latex/amsfonts\amssymb.sty
"
Package: amssymb 2013/01/14 v3.01 AMS font symbols

("C:\Users\Gab\AppData\Local\Programs\MiKTeX 2.9\tex/latex/amsfonts\amsfonts.st
y"
Package: amsfonts 2013/01/14 v3.01 Basic AMSFonts support
\symAMSa=\mathgroup4
\symAMSb=\mathgroup5
LaTeX Font Info:    Redeclaring math symbol \hbar on input line 98.
LaTeX Font Info:    Overwriting math alphabet `\mathfrak' in version `bold'
(Font)                  U/euf/m/n --> U/euf/b/n on input line 106.
)) ("C:\Users\Gab\AppData\Local\Programs\MiKTeX 2.9\tex/latex/tools\bm.sty"
Package: bm 2019/07/24 v1.2d Bold Symbol Support (DPC/FMi)
\symboldoperators=\mathgroup6
\symboldletters=\mathgroup7
\symboldsymbols=\mathgroup8
LaTeX Font Info:    Redeclaring math alphabet \mathbf on input line 141.
LaTeX Info: Redefining \bm on input line 209.
)
("C:\Users\Gab\AppData\Local\Programs\MiKTeX 2.9\tex/latex/etoolbox\etoolbox.st
y"
Package: etoolbox 2019/09/21 v2.5h e-TeX tools for LaTeX (JAW)
\etb@tempcnta=\count292
)
("C:\Users\Gab\AppData\Local\Programs\MiKTeX 2.9\tex/latex/listings\listings.st
y"
\lst@mode=\count293
\lst@gtempboxa=\box52
\lst@token=\toks33
\lst@length=\count294
\lst@currlwidth=\dimen188
\lst@column=\count295
\lst@pos=\count296
\lst@lostspace=\dimen189
\lst@width=\dimen190
\lst@newlines=\count297
\lst@lineno=\count298
\lst@maxwidth=\dimen191

("C:\Users\Gab\AppData\Local\Programs\MiKTeX 2.9\tex/latex/listings\lstmisc.sty
"
File: lstmisc.sty 2019/09/10 1.8c (Carsten Heinz)
\c@lstnumber=\count299
\lst@skipnumbers=\count300
\lst@framebox=\box53
)
("C:\Users\Gab\AppData\Local\Programs\MiKTeX 2.9\tex/latex/listings\listings.cf
g"
File: listings.cfg 2019/09/10 1.8c listings configuration
))
Package: listings 2019/09/10 1.8c (Carsten Heinz)

("C:\Users\Gab\AppData\Local\Programs\MiKTeX 2.9\tex/latex/tools\verbatim.sty"
Package: verbatim 2014/10/28 v1.5q LaTeX2e package for verbatim enhancements
\every@verbatim=\toks34
\verbatim@line=\toks35
\verbatim@in@stream=\read2
) ("C:\Users\Gab\AppData\Local\Programs\MiKTeX 2.9\tex/latex/caption\caption.st
y"
Package: caption 2019/09/01 v3.3d Customizing captions (AR)

("C:\Users\Gab\AppData\Local\Programs\MiKTeX 2.9\tex/latex/caption\caption3.sty
"
Package: caption3 2019/09/01 v1.8d caption3 kernel (AR)
Package caption3 Info: TeX engine: e-TeX on input line 64.
\captionmargin=\dimen192
\captionmargin@=\dimen193
\captionwidth=\dimen194
\caption@tempdima=\dimen195
\caption@indent=\dimen196
\caption@parindent=\dimen197
\caption@hangindent=\dimen198
)
\c@caption@flags=\count301
\c@ContinuedFloat=\count302
Package caption Info: hyperref package is loaded.
Package caption Info: listings package is loaded.
)
("C:\Users\Gab\AppData\Local\Programs\MiKTeX 2.9\tex/latex/caption\subcaption.s
ty"
Package: subcaption 2019/09/01 v1.3a Sub-captions (AR)
\c@subfigure=\count303
\c@subtable=\count304
)
("C:\Users\Gab\AppData\Local\Programs\MiKTeX 2.9\tex/latex/blindtext\blindtext.
sty"
Package: blindtext 2012/01/06 V2.0 blindtext-Package
 ("C:\Users\Gab\AppData\Local\Programs\MiKTeX 2.9\tex/latex/tools\xspace.sty"
Package: xspace 2014/10/28 v1.13 Space after command names (DPC,MH)
)
\c@blindtext=\count305
\c@Blindtext=\count306
\c@blind@countparstart=\count307
\blind@countxx=\count308
\blindtext@numBlindtext=\count309
\blind@countyy=\count310
\c@blindlist=\count311
\c@blindlistlevel=\count312
\c@blindlist@level=\count313
\blind@listitem=\count314
\c@blind@listcount=\count315
\c@blind@levelcount=\count316
\blind@mathformula=\count317
\blind@Mathformula=\count318
\c@blind@randomcount=\count319
\c@blind@randommax=\count320
\c@blind@pangramcount=\count321
\c@blind@pangrammax=\count322
)
("C:\Users\Gab\AppData\Local\Programs\MiKTeX 2.9\tex/latex/csvsimple\csvsimple.
sty"
Package: csvsimple 2019/04/09 version 1.21 LaTeX CSV file processing

("C:\Users\Gab\AppData\Local\Programs\MiKTeX 2.9\tex/latex/tools\shellesc.sty"
Package: shellesc 2016/06/07 v0.02b unified shell escape interface for LaTeX
Package shellesc Info: Restricted shell escape enabled on input line 72.
)
\csv@file=\read3
\c@csvinputline=\count323
\c@csvrow=\count324
\c@csvcol=\count325
\csv@out=\write3
) ("C:\Users\Gab\AppData\Local\Programs\MiKTeX 2.9\tex/latex/tools\tabularx.sty
"
Package: tabularx 2016/02/03 v2.11b `tabularx' package (DPC)
 ("C:\Users\Gab\AppData\Local\Programs\MiKTeX 2.9\tex/latex/tools\array.sty"
Package: array 2019/08/31 v2.4l Tabular extension package (FMi)
\col@sep=\dimen199
\ar@mcellbox=\box54
\extrarowheight=\dimen256
\NC@list=\toks36
\extratabsurround=\skip68
\backup@length=\skip69
\ar@cellbox=\box55
)
\TX@col@width=\dimen257
\TX@old@table=\dimen258
\TX@old@col=\dimen259
\TX@target=\dimen260
\TX@delta=\dimen261
\TX@cols=\count326
\TX@ftn=\toks37
)
("C:\Users\Gab\AppData\Local\Programs\MiKTeX 2.9\tex/latex/appendix\appendix.st
y"
Package: appendix 2009/09/02 v1.2b extra appendix facilities
\c@@pps=\count327
\c@@ppsavesec=\count328
\c@@ppsaveapp=\count329
) ("C:\Users\Gab\AppData\Local\Programs\MiKTeX 2.9\tex/latex/tools\hhline.sty"
Package: hhline 2014/10/28 v2.03 Table rule package (DPC)
)) (app5.aux)
\openout1 = `app5.aux'.

LaTeX Font Info:    Checking defaults for OML/cmm/m/it on input line 22.
LaTeX Font Info:    ... okay on input line 22.
LaTeX Font Info:    Checking defaults for T1/cmr/m/n on input line 22.
LaTeX Font Info:    ... okay on input line 22.
LaTeX Font Info:    Checking defaults for OT1/cmr/m/n on input line 22.
LaTeX Font Info:    ... okay on input line 22.
LaTeX Font Info:    Checking defaults for OMS/cmsy/m/n on input line 22.
LaTeX Font Info:    ... okay on input line 22.
LaTeX Font Info:    Checking defaults for OMX/cmex/m/n on input line 22.
LaTeX Font Info:    ... okay on input line 22.
LaTeX Font Info:    Checking defaults for U/cmr/m/n on input line 22.
LaTeX Font Info:    ... okay on input line 22.
LaTeX Font Info:    Checking defaults for PD1/pdf/m/n on input line 22.
LaTeX Font Info:    ... okay on input line 22.
LaTeX Font Info:    Checking defaults for TS1/cmr/m/n on input line 22.
LaTeX Font Info:    Trying to load font information for TS1+cmr on input line 2
2.

("C:\Users\Gab\AppData\Local\Programs\MiKTeX 2.9\tex/latex/base\ts1cmr.fd"
File: ts1cmr.fd 2014/09/29 v2.5h Standard LaTeX font definitions
)
LaTeX Font Info:    ... okay on input line 22.
LaTeX Info: Redefining \degres on input line 22.
LaTeX Info: Redefining \dots on input line 22.
LaTeX Info: Redefining \up on input line 22.

("C:\Users\Gab\AppData\Local\Programs\MiKTeX 2.9\tex/latex/tools\hhline.sty"
Package: hhline 2014/10/28 v2.03 Table rule package (DPC)
)
*geometry* driver: auto-detecting
*geometry* detected driver: pdftex
*geometry* verbose mode - [ preamble ] result:
* driver: pdftex
* paper: <default>
* layout: <same size as paper>
* layoutoffset:(h,v)=(0.0pt,0.0pt)
* modes: 
* h-part:(L,W,R)=(71.13188pt, 472.03123pt, 71.13188pt)
* v-part:(T,H,B)=(71.13188pt, 652.70622pt, 71.13188pt)
* \paperwidth=614.295pt
* \paperheight=794.96999pt
* \textwidth=472.03123pt
* \textheight=652.70622pt
* \oddsidemargin=-1.1381pt
* \evensidemargin=-1.1381pt
* \topmargin=-38.1381pt
* \headheight=12.0pt
* \headsep=25.0pt
* \topskip=10.0pt
* \footskip=30.0pt
* \marginparwidth=65.0pt
* \marginparsep=11.0pt
* \columnsep=10.0pt
* \skip\footins=9.0pt plus 4.0pt minus 2.0pt
* \hoffset=0.0pt
* \voffset=0.0pt
* \mag=1000
* \@twocolumnfalse
* \@twosidefalse
* \@mparswitchfalse
* \@reversemarginfalse
* (1in=72.27pt=25.4mm, 1cm=28.453pt)

Package lastpage Info: Please have a look at the pageslts package at
(lastpage)             https://www.ctan.org/pkg/pageslts
(lastpage)             ! on input line 22.
\AtBeginShipoutBox=\box56
Package hyperref Info: Link coloring OFF on input line 22.
("C:\Users\Gab\AppData\Local\Programs\MiKTeX 2.9\tex/latex/hyperref\nameref.sty
"
Package: nameref 2019/09/16 v2.46 Cross-referencing by name of section

("C:\Users\Gab\AppData\Local\Programs\MiKTeX 2.9\tex/generic/oberdiek\gettitles
tring.sty"
Package: gettitlestring 2016/05/16 v1.5 Cleanup title references (HO)
)
\c@section@level=\count330
)
LaTeX Info: Redefining \ref on input line 22.
LaTeX Info: Redefining \pageref on input line 22.
LaTeX Info: Redefining \nameref on input line 22.
 (app5.out) (app5.out)
\@outlinefile=\write4
\openout4 = `app5.out'.


("C:\Users\Gab\AppData\Local\Programs\MiKTeX 2.9\tex/context/base/mkii\supp-pdf
.mkii"
[Loading MPS to PDF converter (version 2006.09.02).]
\scratchcounter=\count331
\scratchdimen=\dimen262
\scratchbox=\box57
\nofMPsegments=\count332
\nofMParguments=\count333
\everyMPshowfont=\toks38
\MPscratchCnt=\count334
\MPscratchDim=\dimen263
\MPnumerator=\count335
\makeMPintoPDFobject=\count336
\everyMPtoPDFconversion=\toks39
)
("C:\Users\Gab\AppData\Local\Programs\MiKTeX 2.9\tex/latex/oberdiek\epstopdf-ba
se.sty"
Package: epstopdf-base 2016/05/15 v2.6 Base part for package epstopdf

("C:\Users\Gab\AppData\Local\Programs\MiKTeX 2.9\tex/latex/oberdiek\grfext.sty"
Package: grfext 2016/05/16 v1.2 Manage graphics extensions (HO)
)
Package epstopdf-base Info: Redefining graphics rule for `.eps' on input line 4
38.
Package grfext Info: Graphics extension search list:
(grfext)             [.pdf,.png,.jpg,.mps,.jpeg,.jbig2,.jb2,.PDF,.PNG,.JPG,.JPE
G,.JBIG2,.JB2,.eps]
(grfext)             \AppendGraphicsExtensions on input line 456.
) ABD: EveryShipout initializing macros
\c@lstlisting=\count337
Package caption Info: Begin \AtBeginDocument code.
Package caption Info: End \AtBeginDocument code.
<figures/udes_armoiries.jpg, id=95, 501.875pt x 488.82625pt>
File: figures/udes_armoiries.jpg Graphic file (type jpg)
<use figures/udes_armoiries.jpg>
Package pdftex.def Info: figures/udes_armoiries.jpg  used on input line 43.
(pdftex.def)             Requested size: 85.35826pt x 83.13664pt.
 [1

{C:/Users/Gab/AppData/Local/MiKTeX/2.9/pdftex/config/pdftex.map} <./figures/ude
s_armoiries.jpg>] (app5.toc
LaTeX Font Info:    Trying to load font information for U+msa on input line 6.

("C:\Users\Gab\AppData\Local\Programs\MiKTeX 2.9\tex/latex/amsfonts\umsa.fd"
File: umsa.fd 2013/01/14 v3.01 AMS symbols A
)
LaTeX Font Info:    Trying to load font information for U+msb on input line 6.

("C:\Users\Gab\AppData\Local\Programs\MiKTeX 2.9\tex/latex/amsfonts\umsb.fd"
File: umsb.fd 2013/01/14 v3.01 AMS symbols B
))
\tf@toc=\write5
\openout5 = `app5.toc'.

pdfTeX warning (ext4): destination with the same identifier (name{page.i}) has 
been already used, duplicate ignored
<to be read again> 
                   \relax 
l.50 \newpage
              [1] (app5.lof)
\tf@lof=\write6
\openout6 = `app5.lof'.

 [2] (app5.lot)
\tf@lot=\write7
\openout7 = `app5.lot'.

 [3]
<figures/FTBO_AZ.png, id=220, 421.575pt x 316.0608pt>
File: figures/FTBO_AZ.png Graphic file (type png)
<use figures/FTBO_AZ.png>
Package pdftex.def Info: figures/FTBO_AZ.png  used on input line 96.
(pdftex.def)             Requested size: 306.82101pt x 230.03282pt.


Package caption Warning: The option `hypcap=true' will be ignored for this
(caption)                particular \caption on input line 96.
See the caption package documentation for explanation.

<figures/marges_FTBO_AZ.png, id=221, 421.575pt x 316.0608pt>
File: figures/marges_FTBO_AZ.png Graphic file (type png)
<use figures/marges_FTBO_AZ.png>
Package pdftex.def Info: figures/marges_FTBO_AZ.png  used on input line 96.
(pdftex.def)             Requested size: 306.82101pt x 230.03282pt.

Package caption Warning: The option `hypcap=true' will be ignored for this
(caption)                particular \caption on input line 96.
See the caption package documentation for explanation.

[1 <./figures/FTBO_AZ.png (PNG copy)> <./figures/marges_FTBO_AZ.png (PNG copy)>
]
<figures/FTBO_AZ_AvPh_marge.png, id=233, 421.575pt x 316.0608pt>
File: figures/FTBO_AZ_AvPh_marge.png Graphic file (type png)
<use figures/FTBO_AZ_AvPh_marge.png>
Package pdftex.def Info: figures/FTBO_AZ_AvPh_marge.png  used on input line 113
.
(pdftex.def)             Requested size: 330.42041pt x 247.72728pt.


Package caption Warning: The option `hypcap=true' will be ignored for this
(caption)                particular \caption on input line 113.
See the caption package documentation for explanation.

[2 <./figures/FTBO_AZ_AvPh_marge.png (PNG copy)>]
<figures/step_A_AZ_comp_wcb_no.png, id=243, 421.575pt x 316.0608pt>
File: figures/step_A_AZ_comp_wcb_no.png Graphic file (type png)
<use figures/step_A_AZ_comp_wcb_no.png>
Package pdftex.def Info: figures/step_A_AZ_comp_wcb_no.png  used on input line 
149.
(pdftex.def)             Requested size: 306.82101pt x 230.03282pt.


Package caption Warning: The option `hypcap=true' will be ignored for this
(caption)                particular \caption on input line 149.
See the caption package documentation for explanation.

<figures/marges_A_AZ_no.png, id=244, 421.575pt x 316.0608pt>
File: figures/marges_A_AZ_no.png Graphic file (type png)
<use figures/marges_A_AZ_no.png>
Package pdftex.def Info: figures/marges_A_AZ_no.png  used on input line 149.
(pdftex.def)             Requested size: 306.82101pt x 230.03282pt.

Package caption Warning: The option `hypcap=true' will be ignored for this
(caption)                particular \caption on input line 149.
See the caption package documentation for explanation.


Overfull \hbox (15.0pt too wide) in paragraph at lines 136--151
[][] 
 []

[3]
<figures/step_A_AZ_comp_wcb.png, id=254, 421.575pt x 316.0608pt>
File: figures/step_A_AZ_comp_wcb.png Graphic file (type png)
<use figures/step_A_AZ_comp_wcb.png>
Package pdftex.def Info: figures/step_A_AZ_comp_wcb.png  used on input line 171
.
(pdftex.def)             Requested size: 306.82101pt x 230.03282pt.


Package caption Warning: The option `hypcap=true' will be ignored for this
(caption)                particular \caption on input line 171.
See the caption package documentation for explanation.

<figures/marges_A_AZ.png, id=255, 421.575pt x 316.0608pt>
File: figures/marges_A_AZ.png Graphic file (type png)
<use figures/marges_A_AZ.png>
Package pdftex.def Info: figures/marges_A_AZ.png  used on input line 171.
(pdftex.def)             Requested size: 306.82101pt x 230.03282pt.

Package caption Warning: The option `hypcap=true' will be ignored for this
(caption)                particular \caption on input line 171.
See the caption package documentation for explanation.


Overfull \hbox (15.0pt too wide) in paragraph at lines 158--173
[][] 
 []

[4 <./figures/step_A_AZ_comp_wcb_no.png (PNG copy)> <./figures/marges_A_AZ_no.p
ng (PNG copy)>] [5 <./figures/step_A_AZ_comp_wcb.png (PNG copy)> <./figures/mar
ges_A_AZ.png (PNG copy)>]

Package caption Warning: The option `hypcap=true' will be ignored for this
(caption)                particular \caption on input line 177.
See the caption package documentation for explanation.

<figures/conformite_A_AZ.png, id=266, 557.6835pt x 425.1885pt>
File: figures/conformite_A_AZ.png Graphic file (type png)
<use figures/conformite_A_AZ.png>
Package pdftex.def Info: figures/conformite_A_AZ.png  used on input line 179.
(pdftex.def)             Requested size: 472.03123pt x 359.90025pt.
<figures/HF_minimal_AZ.png, id=271, 421.575pt x 316.0608pt>
File: figures/HF_minimal_AZ.png Graphic file (type png)
<use figures/HF_minimal_AZ.png>
Package pdftex.def Info: figures/HF_minimal_AZ.png  used on input line 198.
(pdftex.def)             Requested size: 306.82101pt x 230.03282pt.

Package caption Warning: The option `hypcap=true' will be ignored for this
(caption)                particular \caption on input line 198.
See the caption package documentation for explanation.

<figures/HF_minimal_AZ_zoom.png, id=272, 526.96875pt x 395.22656pt>
File: figures/HF_minimal_AZ_zoom.png Graphic file (type png)
<use figures/HF_minimal_AZ_zoom.png>
Package pdftex.def Info: figures/HF_minimal_AZ_zoom.png  used on input line 198
.
(pdftex.def)             Requested size: 306.82101pt x 230.1241pt.

Package caption Warning: The option `hypcap=true' will be ignored for this
(caption)                particular \caption on input line 198.
See the caption package documentation for explanation.

[6 <./figures/conformite_A_AZ.png>]
<figures/ramp_AZ_A.png, id=280, 421.575pt x 316.0608pt>
File: figures/ramp_AZ_A.png Graphic file (type png)
<use figures/ramp_AZ_A.png>
Package pdftex.def Info: figures/ramp_AZ_A.png  used on input line 205.
(pdftex.def)             Requested size: 330.42041pt x 247.72728pt.


Package caption Warning: The option `hypcap=true' will be ignored for this
(caption)                particular \caption on input line 205.
See the caption package documentation for explanation.

[7 <./figures/HF_minimal_AZ.png (PNG copy)> <./figures/HF_minimal_AZ_zoom.png (
PNG copy)> <./figures/ramp_AZ_A.png (PNG copy)>]
<figures/Verif_trajectoire_A_AZ.png, id=287, 421.575pt x 316.0608pt>
File: figures/Verif_trajectoire_A_AZ.png Graphic file (type png)
<use figures/Verif_trajectoire_A_AZ.png>
Package pdftex.def Info: figures/Verif_trajectoire_A_AZ.png  used on input line
 211.
(pdftex.def)             Requested size: 330.42041pt x 247.72728pt.


Package caption Warning: The option `hypcap=true' will be ignored for this
(caption)                particular \caption on input line 211.
See the caption package documentation for explanation.

<figures/FTBO_EL.png, id=288, 421.575pt x 316.0608pt>
File: figures/FTBO_EL.png Graphic file (type png)
<use figures/FTBO_EL.png>
Package pdftex.def Info: figures/FTBO_EL.png  used on input line 228.
(pdftex.def)             Requested size: 306.82101pt x 230.03282pt.

Package caption Warning: The option `hypcap=true' will be ignored for this
(caption)                particular \caption on input line 228.
See the caption package documentation for explanation.

<figures/marges_FTBO_EL.png, id=289, 421.575pt x 316.0608pt>
File: figures/marges_FTBO_EL.png Graphic file (type png)
<use figures/marges_FTBO_EL.png>
Package pdftex.def Info: figures/marges_FTBO_EL.png  used on input line 228.
(pdftex.def)             Requested size: 306.82101pt x 230.03282pt.

Package caption Warning: The option `hypcap=true' will be ignored for this
(caption)                particular \caption on input line 228.
See the caption package documentation for explanation.

[8 <./figures/Verif_trajectoire_A_AZ.png (PNG copy)>]
<figures/FTBO_EL_AvPh_marge_no.png, id=298, 421.575pt x 316.0608pt>
File: figures/FTBO_EL_AvPh_marge_no.png Graphic file (type png)
<use figures/FTBO_EL_AvPh_marge_no.png>
Package pdftex.def Info: figures/FTBO_EL_AvPh_marge_no.png  used on input line 
240.
(pdftex.def)             Requested size: 330.42041pt x 247.72728pt.


Package caption Warning: The option `hypcap=true' will be ignored for this
(caption)                particular \caption on input line 240.
See the caption package documentation for explanation.

[9 <./figures/FTBO_EL.png (PNG copy)> <./figures/marges_FTBO_EL.png (PNG copy)>
]
<figures/step_A_EL_comp.png, id=307, 421.575pt x 316.0608pt>
File: figures/step_A_EL_comp.png Graphic file (type png)
<use figures/step_A_EL_comp.png>
Package pdftex.def Info: figures/step_A_EL_comp.png  used on input line 269.
(pdftex.def)             Requested size: 306.82101pt x 230.03282pt.


Package caption Warning: The option `hypcap=true' will be ignored for this
(caption)                particular \caption on input line 269.
See the caption package documentation for explanation.

<figures/marges_A_EL.png, id=308, 421.575pt x 316.0608pt>
File: figures/marges_A_EL.png Graphic file (type png)
<use figures/marges_A_EL.png>
Package pdftex.def Info: figures/marges_A_EL.png  used on input line 269.
(pdftex.def)             Requested size: 306.82101pt x 230.03282pt.

Package caption Warning: The option `hypcap=true' will be ignored for this
(caption)                particular \caption on input line 269.
See the caption package documentation for explanation.


Overfull \hbox (15.0pt too wide) in paragraph at lines 256--271
[][] 
 []

[10 <./figures/FTBO_EL_AvPh_marge_no.png (PNG copy)>] [11 <./figures/step_A_EL_
comp.png (PNG copy)> <./figures/marges_A_EL.png (PNG copy)>]

Package caption Warning: The option `hypcap=true' will be ignored for this
(caption)                particular \caption on input line 276.
See the caption package documentation for explanation.

<figures/conformite_A_EL.png, id=319, 478.78876pt x 546.843pt>
File: figures/conformite_A_EL.png Graphic file (type png)
<use figures/conformite_A_EL.png>
Package pdftex.def Info: figures/conformite_A_EL.png  used on input line 278.
(pdftex.def)             Requested size: 472.03123pt x 539.13167pt.
[12 <./figures/conformite_A_EL.png>]
<figures/HF_minimal_EL.png, id=329, 421.575pt x 316.0608pt>
File: figures/HF_minimal_EL.png Graphic file (type png)
<use figures/HF_minimal_EL.png>
Package pdftex.def Info: figures/HF_minimal_EL.png  used on input line 297.
(pdftex.def)             Requested size: 306.82101pt x 230.03282pt.


Package caption Warning: The option `hypcap=true' will be ignored for this
(caption)                particular \caption on input line 297.
See the caption package documentation for explanation.

<figures/HF_minimal_EL_zoom.png, id=330, 526.96875pt x 395.22656pt>
File: figures/HF_minimal_EL_zoom.png Graphic file (type png)
<use figures/HF_minimal_EL_zoom.png>
Package pdftex.def Info: figures/HF_minimal_EL_zoom.png  used on input line 297
.
(pdftex.def)             Requested size: 306.82101pt x 230.1241pt.

Package caption Warning: The option `hypcap=true' will be ignored for this
(caption)                particular \caption on input line 297.
See the caption package documentation for explanation.


Overfull \hbox (15.0pt too wide) in paragraph at lines 285--299
[][] 
 []

<figures/ramp_EL_A.png, id=332, 421.575pt x 316.0608pt>
File: figures/ramp_EL_A.png Graphic file (type png)
<use figures/ramp_EL_A.png>
Package pdftex.def Info: figures/ramp_EL_A.png  used on input line 304.
(pdftex.def)             Requested size: 330.42041pt x 247.72728pt.

Package caption Warning: The option `hypcap=true' will be ignored for this
(caption)                particular \caption on input line 304.
See the caption package documentation for explanation.

[13 <./figures/HF_minimal_EL.png (PNG copy)> <./figures/HF_minimal_EL_zoom.png 
(PNG copy)> <./figures/ramp_EL_A.png (PNG copy)>]
<figures/Verif_trajectoire_A_EL.png, id=338, 421.575pt x 316.0608pt>
File: figures/Verif_trajectoire_A_EL.png Graphic file (type png)
<use figures/Verif_trajectoire_A_EL.png>
Package pdftex.def Info: figures/Verif_trajectoire_A_EL.png  used on input line
 312.
(pdftex.def)             Requested size: 330.42041pt x 247.72728pt.


Package caption Warning: The option `hypcap=true' will be ignored for this
(caption)                particular \caption on input line 312.
See the caption package documentation for explanation.

<figures/start_rampe_B_AZ.png, id=339, 421.575pt x 316.0608pt>
File: figures/start_rampe_B_AZ.png Graphic file (type png)
<use figures/start_rampe_B_AZ.png>
Package pdftex.def Info: figures/start_rampe_B_AZ.png  used on input line 321.
(pdftex.def)             Requested size: 236.01561pt x 176.94461pt.

Package caption Warning: The option `hypcap=true' will be ignored for this
(caption)                particular \caption on input line 321.
See the caption package documentation for explanation.

<figures/start_erreur_B_AZ.png, id=340, 421.575pt x 316.0608pt>
File: figures/start_erreur_B_AZ.png Graphic file (type png)
<use figures/start_erreur_B_AZ.png>
Package pdftex.def Info: figures/start_erreur_B_AZ.png  used on input line 324.

(pdftex.def)             Requested size: 236.01561pt x 176.94461pt.

Package caption Warning: The option `hypcap=true' will be ignored for this
(caption)                particular \caption on input line 324.
See the caption package documentation for explanation.


Overfull \hbox (2.22166pt too wide) in paragraph at lines 319--325
[]$[]$ $[]$ 
 []

[14 <./figures/Verif_trajectoire_A_EL.png (PNG copy)>]
<figures/B_AZ_margin_init_K.png, id=346, 421.575pt x 316.0608pt>
File: figures/B_AZ_margin_init_K.png Graphic file (type png)
<use figures/B_AZ_margin_init_K.png>
Package pdftex.def Info: figures/B_AZ_margin_init_K.png  used on input line 343
.
(pdftex.def)             Requested size: 377.62642pt x 283.1162pt.


Package caption Warning: The option `hypcap=true' will be ignored for this
(caption)                particular \caption on input line 343.
See the caption package documentation for explanation.

[15 <./figures/start_rampe_B_AZ.png (PNG copy)> <./figures/start_erreur_B_AZ.pn
g (PNG copy)>]
<figures/B_AZ_margin_avph.png, id=355, 421.575pt x 316.0608pt>
File: figures/B_AZ_margin_avph.png Graphic file (type png)
<use figures/B_AZ_margin_avph.png>
Package pdftex.def Info: figures/B_AZ_margin_avph.png  used on input line 356.
(pdftex.def)             Requested size: 377.62642pt x 283.1162pt.


Package caption Warning: The option `hypcap=true' will be ignored for this
(caption)                particular \caption on input line 356.
See the caption package documentation for explanation.

[16 <./figures/B_AZ_margin_init_K.png (PNG copy)>]
<figures/B_AZ_margin_bandstop.png, id=361, 421.575pt x 316.0608pt>
File: figures/B_AZ_margin_bandstop.png Graphic file (type png)
<use figures/B_AZ_margin_bandstop.png>
Package pdftex.def Info: figures/B_AZ_margin_bandstop.png  used on input line 3
73.
(pdftex.def)             Requested size: 236.01561pt x 176.94461pt.


Package caption Warning: The option `hypcap=true' will be ignored for this
(caption)                particular \caption on input line 373.
See the caption package documentation for explanation.

<figures/end_erreur_B_AZ.png, id=362, 421.575pt x 316.0608pt>
File: figures/end_erreur_B_AZ.png Graphic file (type png)
<use figures/end_erreur_B_AZ.png>
Package pdftex.def Info: figures/end_erreur_B_AZ.png  used on input line 376.
(pdftex.def)             Requested size: 236.01561pt x 176.94461pt.

Package caption Warning: The option `hypcap=true' will be ignored for this
(caption)                particular \caption on input line 376.
See the caption package documentation for explanation.


Overfull \hbox (2.22166pt too wide) in paragraph at lines 371--377
[]$[]$ $[]$ 
 []

[17 <./figures/B_AZ_margin_avph.png (PNG copy)>]

Package caption Warning: The option `hypcap=true' will be ignored for this
(caption)                particular \caption on input line 384.
See the caption package documentation for explanation.

<figures/B_AZ_confo.png, id=368, 880.79062pt x 464.4853pt>
File: figures/B_AZ_confo.png Graphic file (type png)
<use figures/B_AZ_confo.png>
Package pdftex.def Info: figures/B_AZ_confo.png  used on input line 386.
(pdftex.def)             Requested size: 472.03123pt x 248.92598pt.
<figures/Verif_trajectoire_B_AZ.png, id=370, 421.575pt x 316.0608pt>
File: figures/Verif_trajectoire_B_AZ.png Graphic file (type png)
<use figures/Verif_trajectoire_B_AZ.png>
Package pdftex.def Info: figures/Verif_trajectoire_B_AZ.png  used on input line
 395.
(pdftex.def)             Requested size: 330.42041pt x 247.72728pt.

Package caption Warning: The option `hypcap=true' will be ignored for this
(caption)                particular \caption on input line 395.
See the caption package documentation for explanation.

[18 <./figures/B_AZ_margin_bandstop.png (PNG copy)> <./figures/end_erreur_B_AZ.
png (PNG copy)> <./figures/B_AZ_confo.png>] [19 <./figures/Verif_trajectoire_B_
AZ.png (PNG copy)>]
<figures/B_EL_margin_bandstop.png, id=382, 421.575pt x 316.0608pt>
File: figures/B_EL_margin_bandstop.png Graphic file (type png)
<use figures/B_EL_margin_bandstop.png>
Package pdftex.def Info: figures/B_EL_margin_bandstop.png  used on input line 4
19.
(pdftex.def)             Requested size: 236.01561pt x 176.94461pt.


Package caption Warning: The option `hypcap=true' will be ignored for this
(caption)                particular \caption on input line 419.
See the caption package documentation for explanation.

<figures/B_EL_error_final.png, id=383, 421.575pt x 316.0608pt>
File: figures/B_EL_error_final.png Graphic file (type png)
<use figures/B_EL_error_final.png>
Package pdftex.def Info: figures/B_EL_error_final.png  used on input line 422.
(pdftex.def)             Requested size: 236.01561pt x 176.94461pt.

Package caption Warning: The option `hypcap=true' will be ignored for this
(caption)                particular \caption on input line 422.
See the caption package documentation for explanation.


Overfull \hbox (2.22166pt too wide) in paragraph at lines 417--423
[]$[]$ $[]$ 
 []


Package caption Warning: The option `hypcap=true' will be ignored for this
(caption)                particular \caption on input line 431.
See the caption package documentation for explanation.

<figures/EL_B_confo.png, id=384, 875.52094pt x 447.92343pt>
File: figures/EL_B_confo.png Graphic file (type png)
<use figures/EL_B_confo.png>
Package pdftex.def Info: figures/EL_B_confo.png  used on input line 433.
(pdftex.def)             Requested size: 472.03123pt x 241.49913pt.
[20 <./figures/B_EL_margin_bandstop.png (PNG copy)> <./figures/B_EL_error_final
.png (PNG copy)>]
<figures/Verif_trajectoire_B_EL.png, id=390, 421.575pt x 316.0608pt>
File: figures/Verif_trajectoire_B_EL.png Graphic file (type png)
<use figures/Verif_trajectoire_B_EL.png>
Package pdftex.def Info: figures/Verif_trajectoire_B_EL.png  used on input line
 445.
(pdftex.def)             Requested size: 330.42041pt x 247.72728pt.


Package caption Warning: The option `hypcap=true' will be ignored for this
(caption)                particular \caption on input line 445.
See the caption package documentation for explanation.


AED: lastpage setting LastPage
[21 <./figures/EL_B_confo.png> <./figures/Verif_trajectoire_B_EL.png (PNG copy)
>]
Package atveryend Info: Empty hook `BeforeClearDocument' on input line 478.
Package atveryend Info: Empty hook `AfterLastShipout' on input line 478.
 (app5.aux)
Package atveryend Info: Executing hook `AtVeryEndDocument' on input line 478.
Package atveryend Info: Executing hook `AtEndAfterFileList' on input line 478.
Package rerunfilecheck Info: File `app5.out' has not changed.
(rerunfilecheck)             Checksum: E1799140DAC14EADFDCF5B0F069D8835;1685.
Package atveryend Info: Empty hook `AtVeryVeryEnd' on input line 478.
 ) 
Here is how much of TeX's memory you used:
 29556 strings out of 492452
 533630 string characters out of 3120997
 698838 words of memory out of 3000000
 33488 multiletter control sequences out of 15000+200000
 544214 words of font info for 51 fonts, out of 3000000 for 9000
 1141 hyphenation exceptions out of 8191
 52i,12n,71p,1402b,583s stack positions out of 5000i,500n,10000p,200000b,50000s
 <C:\Users\Gab\AppData\Local\MiKTeX\2.9\fonts/pk/ljfour/jknappen/ec/dpi600\ec
ti1000.pk> <C:\Users\Gab\AppData\Local\MiKTeX\2.9\fonts/pk/ljfour/jknappen/ec/d
pi600\ecbx1200.pk> <C:\Users\Gab\AppData\Local\MiKTeX\2.9\fonts/pk/ljfour/jknap
pen/ec/dpi600\ecrm0900.pk> <C:\Users\Gab\AppData\Local\MiKTeX\2.9\fonts/pk/ljfo
ur/jknappen/ec/dpi600\ecbx1000.pk> <C:\Users\Gab\AppData\Local\MiKTeX\2.9\fonts
/pk/ljfour/jknappen/ec/dpi600\ecbx1440.pk> <C:\Users\Gab\AppData\Local\MiKTeX\2
.9\fonts/pk/ljfour/jknappen/ec/dpi600\eccc1000.pk> <C:\Users\Gab\AppData\Local\
MiKTeX\2.9\fonts/pk/ljfour/jknappen/ec/dpi600\eccc1728.pk> <C:\Users\Gab\AppDat
a\Local\MiKTeX\2.9\fonts/pk/ljfour/jknappen/ec/dpi600\ecrm1000.pk><C:/Users/Gab
/AppData/Local/Programs/MiKTeX 2.9/fonts/type1/public/amsfonts/cm/cmex10.pfb><C
:/Users/Gab/AppData/Local/Programs/MiKTeX 2.9/fonts/type1/public/amsfonts/cm/cm
mi10.pfb><C:/Users/Gab/AppData/Local/Programs/MiKTeX 2.9/fonts/type1/public/ams
fonts/cm/cmmi5.pfb><C:/Users/Gab/AppData/Local/Programs/MiKTeX 2.9/fonts/type1/
public/amsfonts/cm/cmmi7.pfb><C:/Users/Gab/AppData/Local/Programs/MiKTeX 2.9/fo
nts/type1/public/amsfonts/cm/cmr10.pfb><C:/Users/Gab/AppData/Local/Programs/MiK
TeX 2.9/fonts/type1/public/amsfonts/cm/cmr7.pfb><C:/Users/Gab/AppData/Local/Pro
grams/MiKTeX 2.9/fonts/type1/public/amsfonts/cm/cmsy10.pfb><C:/Users/Gab/AppDat
a/Local/Programs/MiKTeX 2.9/fonts/type1/public/amsfonts/cm/cmsy5.pfb><C:/Users/
Gab/AppData/Local/Programs/MiKTeX 2.9/fonts/type1/public/amsfonts/cm/cmsy7.pfb>

Output written on app5.pdf (25 pages, 1641559 bytes).
PDF statistics:
 726 PDF objects out of 1000 (max. 8388607)
 86 named destinations out of 1000 (max. 500000)
 360 words of extra memory for PDF output out of 10000 (max. 10000000)

